<?xml version="1.0" encoding="UTF-8"?>
<!-- Generated by org.testng.reporters.JUnitReportReporter -->
<testsuite hostname="DESKTOP-NGHB5IM" failures="0" tests="1" name="com.india.user.store.test.PlayListTest" time="0.017" errors="0" timestamp="2023-03-30T01:48:30 IST" skipped="0">
  <testcase classname="com.india.user.store.test.PlayListTest" name="testScenario1" time="0.017"/>
  <system-out>
    <![CDATA[Song has been added to Playlist Song1]]>
  </system-out>
</testsuite> <!-- com.india.user.store.test.PlayListTest -->
