<?xml version="1.0" encoding="UTF-8"?>
<!-- Generated by org.testng.reporters.JUnitReportReporter -->
<testsuite hostname="DESKTOP-NGHB5IM" failures="0" tests="7" name="com.india.user.store.test.PlayListTest" time="0.023" errors="0" timestamp="2023-03-30T15:50:46 IST" skipped="0">
  <testcase classname="com.india.user.store.test.PlayListTest" name="testScenario1" time="0.012"/>
  <system-out/>
  <testcase classname="com.india.user.store.test.PlayListTest" name="testScenario2" time="0.002"/>
  <system-out>
    <![CDATA[Song has been removed from PlayList ! Song1
Song has been added to Playlist Song1]]>
  </system-out>
  <testcase classname="com.india.user.store.test.PlayListTest" name="testScenario3" time="0.001"/>
  <system-out>
    <![CDATA[Song has been added to Playlist Song4]]>
  </system-out>
  <testcase classname="com.india.user.store.test.PlayListTest" name="testScenario4" time="0.003"/>
  <system-out>
    <![CDATA[ Play List is already full. Cannot add new Songs]]>
  </system-out>
  <testcase classname="com.india.user.store.test.PlayListTest" name="testScenario5" time="0.002"/>
  <system-out>
    <![CDATA[Song List should not be Null. Please provide valid List ]]>
  </system-out>
  <testcase classname="com.india.user.store.test.PlayListTest" name="testScenario6" time="0.002"/>
  <system-out/>
  <testcase classname="com.india.user.store.test.PlayListTest" name="testScenario7" time="0.001"/>
  <system-out>
    <![CDATA[Song has been added to Playlist Song4
Song has been added to Playlist Song5]]>
  </system-out>
</testsuite> <!-- com.india.user.store.test.PlayListTest -->
